2010-04-26 04:09:37 Notice: Notice (8): Undefined index: passwd in [APP/views/rows/index.ctp, line 41]
2010-04-26 04:09:50 Notice: Notice (8): Undefined index: passwd in [APP/views/rows/index.ctp, line 41]
2010-04-26 04:09:52 Notice: Notice (8): Undefined index: passwd in [APP/views/rows/index.ctp, line 41]
2010-04-26 04:10:08 Notice: Notice (8): Undefined index: passwd in [APP/views/rows/index.ctp, line 41]
2010-04-26 04:10:14 Notice: Notice (8): Undefined index: passwd in [APP/views/rows/index.ctp, line 41]
2010-04-26 04:12:57 Notice: Notice (8): Undefined index: passwd in [APP/views/rows/index.ctp, line 41]
2010-04-26 04:13:02 Notice: Notice (8): Undefined index: passwd in [APP/views/rows/index.ctp, line 41]
2010-04-26 04:13:03 Notice: Notice (8): Undefined index: passwd in [APP/views/rows/index.ctp, line 41]
2010-04-26 04:13:04 Notice: Notice (8): Undefined index: passwd in [APP/views/rows/index.ctp, line 41]
2010-04-26 04:13:30 Notice: Notice (8): Undefined index: passwd in [APP/views/rows/index.ctp, line 41]
2010-04-26 04:37:44 Notice: Notice (8): Undefined variable: paginator in [APP/views/rows/search.ctp, line 5]
2010-04-26 04:38:16 Notice: Notice (8): Undefined variable: rows in [APP/views/rows/search.ctp, line 21]
2010-04-26 04:38:26 Notice: Notice (8): Undefined variable: rows in [APP/views/rows/search.ctp, line 21]
2010-04-26 04:41:45 Notice: Notice (8): Undefined variable: needle in [APP/controllers/rows_controller.php, line 15]
2010-04-26 04:41:45 Notice: Notice (8): Undefined variable: needle in [APP/controllers/rows_controller.php, line 16]
2010-04-26 04:41:45 Notice: Notice (8): Undefined variable: needle in [APP/controllers/rows_controller.php, line 17]
2010-04-26 04:41:45 Notice: Notice (8): Undefined variable: needle in [APP/controllers/rows_controller.php, line 18]
2010-04-26 04:41:45 Notice: Notice (8): Undefined variable: needle in [APP/controllers/rows_controller.php, line 19]
2010-04-26 04:42:25 Notice: Notice (8): Undefined index: Search  in [APP/controllers/rows_controller.php, line 13]
2010-04-26 04:42:55 Notice: Notice (8): Undefined variable: paginator in [APP/views/rows/search.ctp, line 5]
2010-04-26 04:43:04 Notice: Notice (8): Undefined variable: rows in [APP/views/rows/search.ctp, line 21]
2010-04-26 04:43:06 Notice: Notice (8): Undefined variable: rows in [APP/views/rows/search.ctp, line 21]
2010-04-26 04:43:21 Notice: Notice (8): Undefined variable: paginator in [APP/views/rows/search.ctp, line 6]
2010-04-26 04:44:03 Notice: Notice (8): Undefined variable: rows in [APP/views/rows/search.ctp, line 15]
2010-04-26 05:00:20 Notice: Notice (8): Undefined variable: javascript in [APP/views/layouts/default.ctp, line 33]
2010-04-26 05:16:06 Notice: Notice (8): Undefined index: Search in [APP/controllers/rows_controller.php, line 13]
2010-04-26 05:16:22 Notice: Notice (8): Undefined index: Search in [APP/controllers/rows_controller.php, line 13]
2010-04-26 05:16:25 Notice: Notice (8): Undefined index: Search in [APP/controllers/rows_controller.php, line 13]
2010-04-26 05:21:34 Notice: Notice (8): Undefined offset: 0 in [CORE/cake/libs/model/datasources/dbo_source.php, line 1824]
2010-04-26 05:21:41 Notice: Notice (8): Undefined offset: 0 in [CORE/cake/libs/model/datasources/dbo_source.php, line 1824]
2010-04-26 05:25:59 Notice: Notice (8): Undefined index: Note in [APP/views/rows/view.ctp, line 46]
