2010-04-26 03:56:35 Warning: Warning (2): strtotime() [http://php.net/function.strtotime]: It is not safe to rely on the system's timezone settings. You are *required* to use the date.timezone setting or the date_default_timezone_set() function. In case you used any of those methods and you are still getting this warning, you most likely misspelled the timezone identifier. We selected 'America/Chicago' for 'CDT/-5.0/DST' instead in [CORE/cake/libs/cache.php, line 429]
2010-04-26 04:07:57 Warning: Warning (2): preg_match() [http://php.net/function.preg-match]: Delimiter must not be alphanumeric or backslash in [CORE/cake/libs/model/model.php, line 2459]
2010-04-26 04:38:16 Warning: Warning (2): Invalid argument supplied for foreach() in [APP/views/rows/search.ctp, line 21]
2010-04-26 04:38:26 Warning: Warning (2): Invalid argument supplied for foreach() in [APP/views/rows/search.ctp, line 21]
2010-04-26 04:41:45 Warning: Warning (2): Missing argument 1 for RowsController::search(), called in /var/www/cake/cake/libs/object.php on line 116 and defined in [APP/controllers/rows_controller.php, line 12]
2010-04-26 04:43:04 Warning: Warning (2): Invalid argument supplied for foreach() in [APP/views/rows/search.ctp, line 21]
2010-04-26 04:43:06 Warning: Warning (2): Invalid argument supplied for foreach() in [APP/views/rows/search.ctp, line 21]
2010-04-26 04:44:03 Warning: Warning (2): Invalid argument supplied for foreach() in [APP/views/rows/search.ctp, line 15]
2010-04-26 05:21:34 Warning: Warning (512): <span style = "color:Red;text-align:left"><b>SQL Error:</b> 1064: You have an error in your SQL syntax; check the manual that corresponds to your MySQL server version for the right syntax to use near '' at line 1</span> in [CORE/cake/libs/model/datasources/dbo_source.php, line 524]
2010-04-26 05:21:34 Warning: Warning (2): Invalid argument supplied for foreach() in [APP/views/rows/search.ctp, line 15]
2010-04-26 05:21:41 Warning: Warning (512): <span style = "color:Red;text-align:left"><b>SQL Error:</b> 1064: You have an error in your SQL syntax; check the manual that corresponds to your MySQL server version for the right syntax to use near '' at line 1</span> in [CORE/cake/libs/model/datasources/dbo_source.php, line 524]
2010-04-26 05:21:41 Warning: Warning (2): Invalid argument supplied for foreach() in [APP/views/rows/search.ctp, line 15]
2010-04-26 05:21:54 Warning: Warning (512): <span style = "color:Red;text-align:left"><b>SQL Error:</b> 1064: You have an error in your SQL syntax; check the manual that corresponds to your MySQL server version for the right syntax to use near '' at line 1</span> in [CORE/cake/libs/model/datasources/dbo_source.php, line 524]
2010-04-26 05:21:54 Warning: Warning (2): Invalid argument supplied for foreach() in [APP/views/rows/search.ctp, line 15]
2010-04-26 05:26:33 Warning: Warning (2): Invalid argument supplied for foreach() in [APP/views/rows/view.ctp, line 43]
2010-04-26 12:39:32 Warning: Warning (512): <span style = "color:Red;text-align:left"><b>SQL Error:</b> 1064: You have an error in your SQL syntax; check the manual that corresponds to your MySQL server version for the right syntax to use near '' at line 1</span> in [CORE/cake/libs/model/datasources/dbo_source.php, line 524]
2010-04-26 12:39:32 Warning: Warning (2): Invalid argument supplied for foreach() in [CORE/cake/libs/model/datasources/dbo/dbo_mysql.php, line 451]
2010-04-26 12:39:32 Warning: Warning (2): Invalid argument supplied for foreach() in [CORE/cake/libs/view/helpers/form.php, line 128]
2010-05-04 15:08:35 Warning: Warning (2): Invalid argument supplied for foreach() in [APP/views/rows/view.ctp, line 44]
2010-09-23 20:25:16 Warning: Warning (512): <span style = "color:Red;text-align:left"><b>SQL Error:</b> 1064: You have an error in your SQL syntax; check the manual that corresponds to your MySQL server version for the right syntax to use near '' at line 1</span> in [CORE/cake/libs/model/datasources/dbo_source.php, line 524]
2010-09-23 20:25:16 Warning: Warning (2): Invalid argument supplied for foreach() in [CORE/cake/libs/model/datasources/dbo/dbo_mysql.php, line 451]
2010-09-23 20:25:16 Warning: Warning (2): Invalid argument supplied for foreach() in [CORE/cake/libs/view/helpers/form.php, line 128]
